[16:54:43] [main/INFO]: Setting user: Player168
[16:54:45] [Client thread/INFO]: LWJGL Version: 2.9.1
[16:54:55] [Client thread/INFO]: Reloading ResourceManager: Default, FMLFileResourcePack:Forge Mod Loader, FMLFileResourcePack:Minecraft Forge, FMLFileResourcePack:Lets Mod Reboot
[16:54:56] [Sound Library Loader/INFO]: Sound engine started
[16:54:59] [Client thread/INFO]: Created: 512x256 textures/blocks-atlas
[16:54:59] [Client thread/INFO]: Created: 256x256 textures/items-atlas
[16:55:00] [Client thread/INFO]: Reloading ResourceManager: Default, FMLFileResourcePack:Forge Mod Loader, FMLFileResourcePack:Minecraft Forge, FMLFileResourcePack:Lets Mod Reboot
[16:55:00] [Client thread/INFO]: Created: 256x256 textures/items-atlas
[16:55:00] [Client thread/INFO]: Created: 512x256 textures/blocks-atlas
[16:55:01] [Sound Library Loader/INFO]: Sound engine started
[16:55:09] [Server thread/INFO]: Starting integrated minecraft server version 1.7.10
[16:55:09] [Server thread/INFO]: Generating keypair
[16:55:10] [Server thread/INFO]: Preparing start region for level 0
[16:55:11] [Server thread/INFO]: Changing view distance to 12, from 10
[16:55:11] [Server thread/INFO]: Player168[local:E:5c7ef02e] logged in with entity id 133 at (-1763.5679706496833, 4.0, -556.399653229877)
[16:55:11] [Server thread/INFO]: Player168 joined the game
[16:55:20] [Server thread/INFO]: Player168 has just earned the achievement [Taking Inventory]
[16:55:21] [Client thread/INFO]: [CHAT] Player168 has just earned the achievement [Taking Inventory]
[16:55:25] [Server thread/INFO]: Saving and pausing game...
[16:55:25] [Server thread/INFO]: Saving chunks for level 'New World'/Overworld
[16:55:25] [Server thread/INFO]: Saving chunks for level 'New World'/Nether
[16:55:25] [Server thread/INFO]: Saving chunks for level 'New World'/The End
[16:55:26] [Server thread/INFO]: Stopping server
[16:55:26] [Server thread/INFO]: Saving players
[16:55:26] [Server thread/INFO]: Saving worlds
[16:55:26] [Server thread/INFO]: Saving chunks for level 'New World'/Overworld
[16:55:26] [Server thread/INFO]: Saving chunks for level 'New World'/Nether
[16:55:26] [Server thread/INFO]: Saving chunks for level 'New World'/The End
[16:55:27] [Client thread/INFO]: Stopping!
